Compiling the C compiler identification source file "CMakeCCompilerId.c" failed.
Compiler: /Applications/Xcode.app/Contents/Developer/Toolchains/XcodeDefault.xctoolchain/usr/bin/cc 
Build flags: 
Id flags:  

The output was:
1
clang: error: unable to execute command: posix_spawn failed: Resource temporarily unavailable


Compiling the C compiler identification source file "CMakeCCompilerId.c" failed.
Compiler: /Applications/Xcode.app/Contents/Developer/Toolchains/XcodeDefault.xctoolchain/usr/bin/cc 
Build flags: 
Id flags: -c 

The output was:
1
clang: error: unable to execute command: posix_spawn failed: Resource temporarily unavailable


Compiling the C compiler identification source file "CMakeCCompilerId.c" failed.
Compiler: /Applications/Xcode.app/Contents/Developer/Toolchains/XcodeDefault.xctoolchain/usr/bin/cc 
Build flags: 
Id flags: -Aa 

The output was:
1
clang: warning: argument unused during compilation: '-Aa' [-Wunused-command-line-argument]
clang: error: unable to execute command: posix_spawn failed: Resource temporarily unavailable


Compiling the C compiler identification source file "CMakeCCompilerId.c" failed.
Compiler: /Applications/Xcode.app/Contents/Developer/Toolchains/XcodeDefault.xctoolchain/usr/bin/cc 
Build flags: 
Id flags: -D__CLASSIC_C__ 

The output was:
1
clang: error: unable to execute command: posix_spawn failed: Resource temporarily unavailable


Compiling the C compiler identification source file "CMakeCCompilerId.c" failed.
Compiler: /Applications/Xcode.app/Contents/Developer/Toolchains/XcodeDefault.xctoolchain/usr/bin/cc 
Build flags: 
Id flags:  

The output was:
1
clang: error: unable to execute command: posix_spawn failed: Resource temporarily unavailable


Compiling the C compiler identification source file "CMakeCCompilerId.c" failed.
Compiler: /Applications/Xcode.app/Contents/Developer/Toolchains/XcodeDefault.xctoolchain/usr/bin/cc 
Build flags: 
Id flags: -c 

The output was:
1
clang: error: unable to execute command: posix_spawn failed: Resource temporarily unavailable


Compiling the C compiler identification source file "CMakeCCompilerId.c" failed.
Compiler: /Applications/Xcode.app/Contents/Developer/Toolchains/XcodeDefault.xctoolchain/usr/bin/cc 
Build flags: 
Id flags: -Aa 

The output was:
1
clang: warning: argument unused during compilation: '-Aa' [-Wunused-command-line-argument]
clang: error: unable to execute command: posix_spawn failed: Resource temporarily unavailable


Compiling the C compiler identification source file "CMakeCCompilerId.c" failed.
Compiler: /Applications/Xcode.app/Contents/Developer/Toolchains/XcodeDefault.xctoolchain/usr/bin/cc 
Build flags: 
Id flags: -D__CLASSIC_C__ 

The output was:
1
clang: error: unable to execute command: posix_spawn failed: Resource temporarily unavailable


Checking whether the C compiler is IAR using "" did not match "IAR .+ Compiler":
clang: error: no input files
Checking whether the C compiler is IAR using "" did not match "IAR .+ Compiler":
clang: error: no input files
Compiling the CXX compiler identification source file "CMakeCXXCompilerId.cpp" failed.
Compiler: /Applications/Xcode.app/Contents/Developer/Toolchains/XcodeDefault.xctoolchain/usr/bin/c++ 
Build flags: 
Id flags:  

The output was:
1
clang: error: unable to execute command: posix_spawn failed: Resource temporarily unavailable


Compiling the CXX compiler identification source file "CMakeCXXCompilerId.cpp" failed.
Compiler: /Applications/Xcode.app/Contents/Developer/Toolchains/XcodeDefault.xctoolchain/usr/bin/c++ 
Build flags: 
Id flags: -c 

The output was:
1
clang: error: unable to execute command: posix_spawn failed: Resource temporarily unavailable


Compiling the CXX compiler identification source file "CMakeCXXCompilerId.cpp" failed.
Compiler: /Applications/Xcode.app/Contents/Developer/Toolchains/XcodeDefault.xctoolchain/usr/bin/c++ 
Build flags: 
Id flags:  

The output was:
1
clang: error: unable to execute command: posix_spawn failed: Resource temporarily unavailable


Compiling the CXX compiler identification source file "CMakeCXXCompilerId.cpp" failed.
Compiler: /Applications/Xcode.app/Contents/Developer/Toolchains/XcodeDefault.xctoolchain/usr/bin/c++ 
Build flags: 
Id flags: -c 

The output was:
1
clang: error: unable to execute command: posix_spawn failed: Resource temporarily unavailable


Checking whether the CXX compiler is IAR using "" did not match "IAR .+ Compiler":
clang: error: no input files
Checking whether the CXX compiler is IAR using "" did not match "IAR .+ Compiler":
clang: error: no input files
Determining if the C compiler works failed with the following output:
Change Dir: /Users/oshvorak/ft_printf/cmake-build-debug/CMakeFiles/CMakeTmp

Run Build Command:"/usr/bin/make" "cmTC_b7a37/fast"
/Applications/Xcode.app/Contents/Developer/usr/bin/make -f CMakeFiles/cmTC_b7a37.dir/build.make CMakeFiles/cmTC_b7a37.dir/build
make: /Applications/Xcode.app/Contents/Developer/usr/bin/make: Resource temporarily unavailable
make: *** wait: No child processes.  Stop.
make: *** Waiting for unfinished jobs....
make: *** wait: No child processes.  Stop.


